=== 2026-06-05 08:00:01 — Iniciando entrenamiento ===

=== ENTRENANDO CLASIFICADOR (dirección) ===

📥 Descargando 40000 velas de ETHUSDT...
✅ Descargadas 6000 velas.
📊 Usando LogisticRegression (C=0.1, solver='lbfgs')
Accuracy en test: 0.7460 (74.6%)
⚠️ Accuracy 74.6% < 85% → modelo NO guardado.
   Se conserva el archivo anterior o se usará fallback.
=== 2026-06-05 08:00:12 — Entrenamiento finalizado ===
=== 2026-06-05 09:00:01 — Iniciando entrenamiento ===

=== ENTRENANDO CLASIFICADOR (dirección) ===

📥 Descargando 40000 velas de ETHUSDT...
✅ Descargadas 1000 velas.
📊 Usando LogisticRegression (C=0.1, solver='lbfgs')
Accuracy en test: 0.6294 (62.9%)
⚠️ Accuracy 62.9% < 85% → modelo NO guardado.
   Se conserva el archivo anterior o se usará fallback.
=== 2026-06-05 09:00:07 — Entrenamiento finalizado ===
=== 2026-06-05 10:00:01 — Iniciando entrenamiento ===

=== ENTRENANDO CLASIFICADOR (dirección) ===

📥 Descargando 40000 velas de ETHUSDT...
❌ No se obtuvieron velas. Verifica conexión a Bybit.
=== 2026-06-05 10:00:07 — Entrenamiento finalizado ===
=== 2026-06-05 11:00:01 — Iniciando entrenamiento ===

=== ENTRENANDO CLASIFICADOR (dirección) ===

📥 Descargando 40000 velas de ETHUSDT...
✅ Descargadas 5000 velas.
📊 Usando LogisticRegression (C=0.1, solver='lbfgs')
Accuracy en test: 0.7161 (71.6%)
⚠️ Accuracy 71.6% < 85% → modelo NO guardado.
   Se conserva el archivo anterior o se usará fallback.
=== 2026-06-05 11:00:09 — Entrenamiento finalizado ===
=== 2026-06-05 12:00:01 — Iniciando entrenamiento ===

=== ENTRENANDO CLASIFICADOR (dirección) ===

📥 Descargando 40000 velas de ETHUSDT...
✅ Descargadas 1000 velas.
📊 Usando LogisticRegression (C=0.1, solver='lbfgs')
Accuracy en test: 0.6396 (64.0%)
⚠️ Accuracy 64.0% < 85% → modelo NO guardado.
   Se conserva el archivo anterior o se usará fallback.
=== 2026-06-05 12:00:07 — Entrenamiento finalizado ===
=== 2026-06-05 13:00:01 — Iniciando entrenamiento ===

=== ENTRENANDO CLASIFICADOR (dirección) ===

📥 Descargando 40000 velas de ETHUSDT...
❌ No se obtuvieron velas. Verifica conexión a Bybit.
=== 2026-06-05 13:00:05 — Entrenamiento finalizado ===
=== 2026-06-05 14:00:01 — Iniciando entrenamiento ===

=== ENTRENANDO CLASIFICADOR (dirección) ===

📥 Descargando 40000 velas de ETHUSDT...
✅ Descargadas 1000 velas.
📊 Usando LogisticRegression (C=0.1, solver='lbfgs')
Accuracy en test: 0.5584 (55.8%)
⚠️ Accuracy 55.8% < 85% → modelo NO guardado.
   Se conserva el archivo anterior o se usará fallback.
=== 2026-06-05 14:00:07 — Entrenamiento finalizado ===
=== 2026-06-05 15:00:01 — Iniciando entrenamiento ===

=== ENTRENANDO CLASIFICADOR (dirección) ===

📥 Descargando 40000 velas de ETHUSDT...
❌ No se obtuvieron velas. Verifica conexión a Bybit.
=== 2026-06-05 15:00:06 — Entrenamiento finalizado ===
=== 2026-06-05 16:00:01 — Iniciando entrenamiento ===

=== ENTRENANDO CLASIFICADOR (dirección) ===

📥 Descargando 40000 velas de ETHUSDT...
✅ Descargadas 3000 velas.
📊 Usando LogisticRegression (C=0.1, solver='lbfgs')
Accuracy en test: 0.6131 (61.3%)
⚠️ Accuracy 61.3% < 85% → modelo NO guardado.
   Se conserva el archivo anterior o se usará fallback.
=== 2026-06-05 16:00:08 — Entrenamiento finalizado ===
=== 2026-06-05 17:00:01 — Iniciando entrenamiento ===

=== ENTRENANDO CLASIFICADOR (dirección) ===

📥 Descargando 40000 velas de ETHUSDT...
✅ Descargadas 7000 velas.
📊 Usando LogisticRegression (C=0.1, solver='lbfgs')
Accuracy en test: 0.7323 (73.2%)
⚠️ Accuracy 73.2% < 85% → modelo NO guardado.
   Se conserva el archivo anterior o se usará fallback.
=== 2026-06-05 17:00:11 — Entrenamiento finalizado ===
=== 2026-06-05 18:00:01 — Iniciando entrenamiento ===

=== ENTRENANDO CLASIFICADOR (dirección) ===

📥 Descargando 40000 velas de ETHUSDT...
✅ Descargadas 6000 velas.
📊 Usando LogisticRegression (C=0.1, solver='lbfgs')
Accuracy en test: 0.6901 (69.0%)
⚠️ Accuracy 69.0% < 85% → modelo NO guardado.
   Se conserva el archivo anterior o se usará fallback.
=== 2026-06-05 18:00:10 — Entrenamiento finalizado ===
=== 2026-06-05 19:00:02 — Iniciando entrenamiento ===

=== ENTRENANDO CLASIFICADOR (dirección) ===

📥 Descargando 40000 velas de ETHUSDT...
❌ No se obtuvieron velas. Verifica conexión a Bybit.
=== 2026-06-05 19:00:06 — Entrenamiento finalizado ===
=== 2026-06-05 20:00:01 — Iniciando entrenamiento ===

=== ENTRENANDO CLASIFICADOR (dirección) ===

📥 Descargando 40000 velas de ETHUSDT...
✅ Descargadas 9000 velas.
📊 Usando LogisticRegression (C=0.1, solver='lbfgs')
Accuracy en test: 0.7813 (78.1%)
⚠️ Accuracy 78.1% < 85% → modelo NO guardado.
   Se conserva el archivo anterior o se usará fallback.
=== 2026-06-05 20:00:12 — Entrenamiento finalizado ===
=== 2026-06-05 21:00:01 — Iniciando entrenamiento ===

=== ENTRENANDO CLASIFICADOR (dirección) ===

📥 Descargando 40000 velas de ETHUSDT...
❌ No se obtuvieron velas. Verifica conexión a Bybit.
=== 2026-06-05 21:00:06 — Entrenamiento finalizado ===
=== 2026-06-05 22:00:02 — Iniciando entrenamiento ===

=== ENTRENANDO CLASIFICADOR (dirección) ===

📥 Descargando 40000 velas de ETHUSDT...
✅ Descargadas 11000 velas.
📊 Usando LogisticRegression (C=0.1, solver='lbfgs')
Accuracy en test: 0.8143 (81.4%)
⚠️ Accuracy 81.4% < 85% → modelo NO guardado.
   Se conserva el archivo anterior o se usará fallback.
=== 2026-06-05 22:00:16 — Entrenamiento finalizado ===
=== 2026-06-05 23:00:01 — Iniciando entrenamiento ===

=== ENTRENANDO CLASIFICADOR (dirección) ===

📥 Descargando 40000 velas de ETHUSDT...
✅ Descargadas 9000 velas.
📊 Usando LogisticRegression (C=0.1, solver='lbfgs')
Accuracy en test: 0.7679 (76.8%)
⚠️ Accuracy 76.8% < 85% → modelo NO guardado.
   Se conserva el archivo anterior o se usará fallback.
=== 2026-06-05 23:00:13 — Entrenamiento finalizado ===
=== 2026-06-06 00:00:01 — Iniciando entrenamiento ===

=== ENTRENANDO CLASIFICADOR (dirección) ===

📥 Descargando 40000 velas de ETHUSDT...
❌ No se obtuvieron velas. Verifica conexión a Bybit.
=== 2026-06-06 00:00:06 — Entrenamiento finalizado ===
=== 2026-06-06 01:00:01 — Iniciando entrenamiento ===

=== ENTRENANDO CLASIFICADOR (dirección) ===

📥 Descargando 40000 velas de ETHUSDT...
✅ Descargadas 40000 velas.
📊 Usando LogisticRegression (C=0.1, solver='lbfgs')
Accuracy en test: 0.9166 (91.7%)
✅ Clasificador guardado en ml_weights_v2.json (accuracy >= 85%)
=== 2026-06-06 01:00:50 — Entrenamiento finalizado ===
=== 2026-06-06 02:00:01 — Iniciando entrenamiento ===

=== ENTRENANDO CLASIFICADOR (dirección) ===

📥 Descargando 40000 velas de ETHUSDT...
✅ Descargadas 6000 velas.
📊 Usando LogisticRegression (C=0.1, solver='lbfgs')
Accuracy en test: 0.6458 (64.6%)
⚠️ Accuracy 64.6% < 85% → modelo NO guardado.
   Se conserva el archivo anterior o se usará fallback.
=== 2026-06-06 02:00:12 — Entrenamiento finalizado ===
=== 2026-06-06 03:00:01 — Iniciando entrenamiento ===

=== ENTRENANDO CLASIFICADOR (dirección) ===

📥 Descargando 40000 velas de ETHUSDT...
✅ Descargadas 4000 velas.
📊 Usando LogisticRegression (C=0.1, solver='lbfgs')
Accuracy en test: 0.5972 (59.7%)
⚠️ Accuracy 59.7% < 85% → modelo NO guardado.
   Se conserva el archivo anterior o se usará fallback.
=== 2026-06-06 03:00:10 — Entrenamiento finalizado ===
=== 2026-06-06 04:00:01 — Iniciando entrenamiento ===

=== ENTRENANDO CLASIFICADOR (dirección) ===

📥 Descargando 40000 velas de ETHUSDT...
❌ No se obtuvieron velas. Verifica conexión a Bybit.
=== 2026-06-06 04:00:06 — Entrenamiento finalizado ===
=== 2026-06-06 05:00:01 — Iniciando entrenamiento ===

=== ENTRENANDO CLASIFICADOR (dirección) ===

📥 Descargando 40000 velas de ETHUSDT...
✅ Descargadas 7000 velas.
📊 Usando LogisticRegression (C=0.1, solver='lbfgs')
Accuracy en test: 0.6736 (67.4%)
⚠️ Accuracy 67.4% < 85% → modelo NO guardado.
   Se conserva el archivo anterior o se usará fallback.
=== 2026-06-06 05:00:11 — Entrenamiento finalizado ===
=== 2026-06-06 06:00:01 — Iniciando entrenamiento ===

=== ENTRENANDO CLASIFICADOR (dirección) ===

📥 Descargando 40000 velas de ETHUSDT...
❌ No se obtuvieron velas. Verifica conexión a Bybit.
=== 2026-06-06 06:00:06 — Entrenamiento finalizado ===
=== 2026-06-06 07:00:01 — Iniciando entrenamiento ===

=== ENTRENANDO CLASIFICADOR (dirección) ===

📥 Descargando 40000 velas de ETHUSDT...
❌ No se obtuvieron velas. Verifica conexión a Bybit.
=== 2026-06-06 07:00:07 — Entrenamiento finalizado ===
=== 2026-06-06 08:00:01 — Iniciando entrenamiento ===

=== ENTRENANDO CLASIFICADOR (dirección) ===

📥 Descargando 40000 velas de ETHUSDT...
✅ Descargadas 2000 velas.
📊 Usando LogisticRegression (C=0.1, solver='lbfgs')
Accuracy en test: 0.4861 (48.6%)
⚠️ Accuracy 48.6% < 85% → modelo NO guardado.
   Se conserva el archivo anterior o se usará fallback.
=== 2026-06-06 08:00:08 — Entrenamiento finalizado ===
=== 2026-06-06 09:00:01 — Iniciando entrenamiento ===

=== ENTRENANDO CLASIFICADOR (dirección) ===

📥 Descargando 40000 velas de ETHUSDT...
✅ Descargadas 10000 velas.
📊 Usando LogisticRegression (C=0.1, solver='lbfgs')
Accuracy en test: 0.7782 (77.8%)
⚠️ Accuracy 77.8% < 85% → modelo NO guardado.
   Se conserva el archivo anterior o se usará fallback.
=== 2026-06-06 09:00:13 — Entrenamiento finalizado ===
=== 2026-06-06 10:00:01 — Iniciando entrenamiento ===

=== ENTRENANDO CLASIFICADOR (dirección) ===

📥 Descargando 40000 velas de ETHUSDT...
❌ No se obtuvieron velas. Verifica conexión a Bybit.
=== 2026-06-06 10:00:07 — Entrenamiento finalizado ===
=== 2026-06-06 11:00:01 — Iniciando entrenamiento ===

=== ENTRENANDO CLASIFICADOR (dirección) ===

📥 Descargando 40000 velas de ETHUSDT...
✅ Descargadas 1000 velas.
📊 Usando LogisticRegression (C=0.1, solver='lbfgs')
Accuracy en test: 0.4924 (49.2%)
⚠️ Accuracy 49.2% < 85% → modelo NO guardado.
   Se conserva el archivo anterior o se usará fallback.
=== 2026-06-06 11:00:08 — Entrenamiento finalizado ===
=== 2026-06-06 12:00:01 — Iniciando entrenamiento ===

=== ENTRENANDO CLASIFICADOR (dirección) ===

📥 Descargando 40000 velas de ETHUSDT...
✅ Descargadas 2000 velas.
📊 Usando LogisticRegression (C=0.1, solver='lbfgs')
Accuracy en test: 0.4610 (46.1%)
⚠️ Accuracy 46.1% < 85% → modelo NO guardado.
   Se conserva el archivo anterior o se usará fallback.
=== 2026-06-06 12:00:07 — Entrenamiento finalizado ===
=== 2026-06-06 13:00:01 — Iniciando entrenamiento ===

=== ENTRENANDO CLASIFICADOR (dirección) ===

📥 Descargando 40000 velas de ETHUSDT...
❌ No se obtuvieron velas. Verifica conexión a Bybit.
=== 2026-06-06 13:00:05 — Entrenamiento finalizado ===
=== 2026-06-06 14:00:02 — Iniciando entrenamiento ===

=== ENTRENANDO CLASIFICADOR (dirección) ===

📥 Descargando 40000 velas de ETHUSDT...
✅ Descargadas 2000 velas.
📊 Usando LogisticRegression (C=0.1, solver='lbfgs')
Accuracy en test: 0.4761 (47.6%)
⚠️ Accuracy 47.6% < 85% → modelo NO guardado.
   Se conserva el archivo anterior o se usará fallback.
=== 2026-06-06 14:00:08 — Entrenamiento finalizado ===
=== 2026-06-06 15:00:01 — Iniciando entrenamiento ===

=== ENTRENANDO CLASIFICADOR (dirección) ===

📥 Descargando 40000 velas de ETHUSDT...
❌ No se obtuvieron velas. Verifica conexión a Bybit.
=== 2026-06-06 15:00:06 — Entrenamiento finalizado ===
=== 2026-06-06 16:00:01 — Iniciando entrenamiento ===

=== ENTRENANDO CLASIFICADOR (dirección) ===

📥 Descargando 40000 velas de ETHUSDT...
❌ No se obtuvieron velas. Verifica conexión a Bybit.
=== 2026-06-06 16:00:06 — Entrenamiento finalizado ===
=== 2026-06-06 17:00:01 — Iniciando entrenamiento ===

=== ENTRENANDO CLASIFICADOR (dirección) ===

📥 Descargando 40000 velas de ETHUSDT...
✅ Descargadas 7000 velas.
📊 Usando LogisticRegression (C=0.1, solver='lbfgs')
Accuracy en test: 0.6435 (64.4%)
⚠️ Accuracy 64.4% < 85% → modelo NO guardado.
   Se conserva el archivo anterior o se usará fallback.
=== 2026-06-06 17:00:12 — Entrenamiento finalizado ===
=== 2026-06-06 18:00:01 — Iniciando entrenamiento ===

=== ENTRENANDO CLASIFICADOR (dirección) ===

📥 Descargando 40000 velas de ETHUSDT...
✅ Descargadas 10000 velas.
📊 Usando LogisticRegression (C=0.1, solver='lbfgs')
Accuracy en test: 0.7596 (76.0%)
⚠️ Accuracy 76.0% < 85% → modelo NO guardado.
   Se conserva el archivo anterior o se usará fallback.
=== 2026-06-06 18:00:13 — Entrenamiento finalizado ===
=== 2026-06-06 19:00:01 — Iniciando entrenamiento ===

=== ENTRENANDO CLASIFICADOR (dirección) ===

📥 Descargando 40000 velas de ETHUSDT...
❌ No se obtuvieron velas. Verifica conexión a Bybit.
=== 2026-06-06 19:00:06 — Entrenamiento finalizado ===
=== 2026-06-06 20:00:02 — Iniciando entrenamiento ===

=== ENTRENANDO CLASIFICADOR (dirección) ===

📥 Descargando 40000 velas de ETHUSDT...
✅ Descargadas 33000 velas.
📊 Usando LogisticRegression (C=0.1, solver='lbfgs')
Accuracy en test: 0.8953 (89.5%)
✅ Clasificador guardado en ml_weights_v2.json (accuracy >= 85%)
=== 2026-06-06 20:00:32 — Entrenamiento finalizado ===
=== 2026-06-06 21:00:01 — Iniciando entrenamiento ===

=== ENTRENANDO CLASIFICADOR (dirección) ===

📥 Descargando 40000 velas de ETHUSDT...
✅ Descargadas 12000 velas.
📊 Usando LogisticRegression (C=0.1, solver='lbfgs')
Accuracy en test: 0.7889 (78.9%)
⚠️ Accuracy 78.9% < 85% → modelo NO guardado.
   Se conserva el archivo anterior o se usará fallback.
=== 2026-06-06 21:00:17 — Entrenamiento finalizado ===
=== 2026-06-06 22:00:01 — Iniciando entrenamiento ===

=== ENTRENANDO CLASIFICADOR (dirección) ===

📥 Descargando 40000 velas de ETHUSDT...
✅ Descargadas 4000 velas.
📊 Usando LogisticRegression (C=0.1, solver='lbfgs')
Accuracy en test: 0.6035 (60.4%)
⚠️ Accuracy 60.4% < 85% → modelo NO guardado.
   Se conserva el archivo anterior o se usará fallback.
=== 2026-06-06 22:00:09 — Entrenamiento finalizado ===
=== 2026-06-06 23:00:02 — Iniciando entrenamiento ===

=== ENTRENANDO CLASIFICADOR (dirección) ===

📥 Descargando 40000 velas de ETHUSDT...
✅ Descargadas 15000 velas.
📊 Usando LogisticRegression (C=0.1, solver='lbfgs')
Accuracy en test: 0.8232 (82.3%)
⚠️ Accuracy 82.3% < 85% → modelo NO guardado.
   Se conserva el archivo anterior o se usará fallback.
=== 2026-06-06 23:00:18 — Entrenamiento finalizado ===
=== 2026-06-07 00:00:01 — Iniciando entrenamiento ===

=== ENTRENANDO CLASIFICADOR (dirección) ===

📥 Descargando 40000 velas de ETHUSDT...
❌ No se obtuvieron velas. Verifica conexión a Bybit.
=== 2026-06-07 00:00:07 — Entrenamiento finalizado ===
=== 2026-06-07 01:00:01 — Iniciando entrenamiento ===

=== ENTRENANDO CLASIFICADOR (dirección) ===

📥 Descargando 40000 velas de ETHUSDT...
✅ Descargadas 16000 velas.
📊 Usando LogisticRegression (C=0.1, solver='lbfgs')
Accuracy en test: 0.8348 (83.5%)
⚠️ Accuracy 83.5% < 85% → modelo NO guardado.
   Se conserva el archivo anterior o se usará fallback.
=== 2026-06-07 01:00:19 — Entrenamiento finalizado ===
=== 2026-06-07 02:00:01 — Iniciando entrenamiento ===

=== ENTRENANDO CLASIFICADOR (dirección) ===

📥 Descargando 40000 velas de ETHUSDT...
✅ Descargadas 13000 velas.
📊 Usando LogisticRegression (C=0.1, solver='lbfgs')
Accuracy en test: 0.7994 (79.9%)
⚠️ Accuracy 79.9% < 85% → modelo NO guardado.
   Se conserva el archivo anterior o se usará fallback.
=== 2026-06-07 02:00:16 — Entrenamiento finalizado ===
=== 2026-06-07 03:00:01 — Iniciando entrenamiento ===

=== ENTRENANDO CLASIFICADOR (dirección) ===

📥 Descargando 40000 velas de ETHUSDT...
✅ Descargadas 3000 velas.
📊 Usando LogisticRegression (C=0.1, solver='lbfgs')
Accuracy en test: 0.5879 (58.8%)
⚠️ Accuracy 58.8% < 85% → modelo NO guardado.
   Se conserva el archivo anterior o se usará fallback.
=== 2026-06-07 03:00:09 — Entrenamiento finalizado ===
=== 2026-06-07 21:00:01 — Iniciando entrenamiento ===

=== ENTRENANDO CLASIFICADOR (dirección) ===

📥 Descargando 40000 velas de ETHUSDT...
✅ Descargadas 5000 velas.
📊 Usando LogisticRegression (C=0.1, solver='lbfgs')
Accuracy en test: 0.6550 (65.5%)
⚠️ Accuracy 65.5% < 85% → modelo NO guardado.
   Se conserva el archivo anterior o se usará fallback.
=== 2026-06-07 21:00:11 — Entrenamiento finalizado ===
=== 2026-06-07 22:00:01 — Iniciando entrenamiento ===

=== ENTRENANDO CLASIFICADOR (dirección) ===

📥 Descargando 40000 velas de ETHUSDT...
✅ Descargadas 4000 velas.
📊 Usando LogisticRegression (C=0.1, solver='lbfgs')
Accuracy en test: 0.6562 (65.6%)
⚠️ Accuracy 65.6% < 85% → modelo NO guardado.
   Se conserva el archivo anterior o se usará fallback.
=== 2026-06-07 22:00:10 — Entrenamiento finalizado ===
=== 2026-06-07 23:00:01 — Iniciando entrenamiento ===

=== ENTRENANDO CLASIFICADOR (dirección) ===

📥 Descargando 40000 velas de ETHUSDT...
✅ Descargadas 5000 velas.
📊 Usando LogisticRegression (C=0.1, solver='lbfgs')
Accuracy en test: 0.6499 (65.0%)
⚠️ Accuracy 65.0% < 85% → modelo NO guardado.
   Se conserva el archivo anterior o se usará fallback.
=== 2026-06-07 23:00:11 — Entrenamiento finalizado ===
=== 2026-06-08 00:00:01 — Iniciando entrenamiento ===

=== ENTRENANDO CLASIFICADOR (dirección) ===

📥 Descargando 40000 velas de ETHUSDT...
✅ Descargadas 40000 velas.
📊 Usando LogisticRegression (C=0.1, solver='lbfgs')
Accuracy en test: 0.9020 (90.2%)
✅ Clasificador guardado en ml_weights_v2.json (accuracy >= 85%)
=== 2026-06-08 00:00:37 — Entrenamiento finalizado ===
=== 2026-06-08 01:00:02 — Iniciando entrenamiento ===

=== ENTRENANDO CLASIFICADOR (dirección) ===

📥 Descargando 40000 velas de ETHUSDT...
❌ No se obtuvieron velas. Verifica conexión a Bybit.
=== 2026-06-08 01:00:06 — Entrenamiento finalizado ===
=== 2026-06-08 02:00:01 — Iniciando entrenamiento ===

=== ENTRENANDO CLASIFICADOR (dirección) ===

📥 Descargando 40000 velas de ETHUSDT...
✅ Descargadas 1000 velas.
📊 Usando LogisticRegression (C=0.1, solver='lbfgs')
Accuracy en test: 0.8122 (81.2%)
⚠️ Accuracy 81.2% < 85% → modelo NO guardado.
   Se conserva el archivo anterior o se usará fallback.
=== 2026-06-08 02:00:07 — Entrenamiento finalizado ===
=== 2026-06-08 03:00:01 — Iniciando entrenamiento ===

=== ENTRENANDO CLASIFICADOR (dirección) ===

📥 Descargando 40000 velas de ETHUSDT...
✅ Descargadas 7000 velas.
📊 Usando LogisticRegression (C=0.1, solver='lbfgs')
Accuracy en test: 0.5548 (55.5%)
⚠️ Accuracy 55.5% < 85% → modelo NO guardado.
   Se conserva el archivo anterior o se usará fallback.
=== 2026-06-08 03:00:12 — Entrenamiento finalizado ===
=== 2026-06-08 04:00:01 — Iniciando entrenamiento ===

=== ENTRENANDO CLASIFICADOR (dirección) ===

📥 Descargando 40000 velas de ETHUSDT...
✅ Descargadas 2000 velas.
📊 Usando LogisticRegression (C=0.1, solver='lbfgs')
Accuracy en test: 0.8463 (84.6%)
⚠️ Accuracy 84.6% < 85% → modelo NO guardado.
   Se conserva el archivo anterior o se usará fallback.
=== 2026-06-08 04:00:09 — Entrenamiento finalizado ===
=== 2026-06-08 05:00:01 — Iniciando entrenamiento ===

=== ENTRENANDO CLASIFICADOR (dirección) ===

📥 Descargando 40000 velas de ETHUSDT...
✅ Descargadas 2000 velas.
📊 Usando LogisticRegression (C=0.1, solver='lbfgs')
Accuracy en test: 0.8388 (83.9%)
⚠️ Accuracy 83.9% < 85% → modelo NO guardado.
   Se conserva el archivo anterior o se usará fallback.
=== 2026-06-08 05:00:08 — Entrenamiento finalizado ===
=== 2026-06-08 06:00:01 — Iniciando entrenamiento ===

=== ENTRENANDO CLASIFICADOR (dirección) ===

📥 Descargando 40000 velas de ETHUSDT...
❌ No se obtuvieron velas. Verifica conexión a Bybit.
=== 2026-06-08 06:00:07 — Entrenamiento finalizado ===
=== 2026-06-08 07:00:01 — Iniciando entrenamiento ===

=== ENTRENANDO CLASIFICADOR (dirección) ===

📥 Descargando 40000 velas de ETHUSDT...
❌ No se obtuvieron velas. Verifica conexión a Bybit.
=== 2026-06-08 07:00:08 — Entrenamiento finalizado ===
=== 2026-06-08 08:00:01 — Iniciando entrenamiento ===

=== ENTRENANDO CLASIFICADOR (dirección) ===

📥 Descargando 40000 velas de ETHUSDT...
✅ Descargadas 1000 velas.
📊 Usando LogisticRegression (C=0.1, solver='lbfgs')
Accuracy en test: 0.8122 (81.2%)
⚠️ Accuracy 81.2% < 85% → modelo NO guardado.
   Se conserva el archivo anterior o se usará fallback.
=== 2026-06-08 08:00:08 — Entrenamiento finalizado ===
=== 2026-06-08 09:00:01 — Iniciando entrenamiento ===

=== ENTRENANDO CLASIFICADOR (dirección) ===

📥 Descargando 40000 velas de ETHUSDT...
✅ Descargadas 1000 velas.
📊 Usando LogisticRegression (C=0.1, solver='lbfgs')
Accuracy en test: 0.8020 (80.2%)
⚠️ Accuracy 80.2% < 85% → modelo NO guardado.
   Se conserva el archivo anterior o se usará fallback.
=== 2026-06-08 09:00:08 — Entrenamiento finalizado ===
=== 2026-06-08 10:00:01 — Iniciando entrenamiento ===

=== ENTRENANDO CLASIFICADOR (dirección) ===

📥 Descargando 40000 velas de ETHUSDT...
❌ No se obtuvieron velas. Verifica conexión a Bybit.
=== 2026-06-08 10:00:07 — Entrenamiento finalizado ===
=== 2026-06-08 11:00:01 — Iniciando entrenamiento ===

=== ENTRENANDO CLASIFICADOR (dirección) ===

📥 Descargando 40000 velas de ETHUSDT...
❌ No se obtuvieron velas. Verifica conexión a Bybit.
=== 2026-06-08 11:00:07 — Entrenamiento finalizado ===
=== 2026-06-08 12:00:01 — Iniciando entrenamiento ===

=== ENTRENANDO CLASIFICADOR (dirección) ===

📥 Descargando 40000 velas de ETHUSDT...
✅ Descargadas 3000 velas.
📊 Usando LogisticRegression (C=0.1, solver='lbfgs')
Accuracy en test: 0.8191 (81.9%)
⚠️ Accuracy 81.9% < 85% → modelo NO guardado.
   Se conserva el archivo anterior o se usará fallback.
=== 2026-06-08 12:00:09 — Entrenamiento finalizado ===
=== 2026-06-08 13:00:01 — Iniciando entrenamiento ===

=== ENTRENANDO CLASIFICADOR (dirección) ===

📥 Descargando 40000 velas de ETHUSDT...
❌ No se obtuvieron velas. Verifica conexión a Bybit.
=== 2026-06-08 13:00:06 — Entrenamiento finalizado ===
=== 2026-06-08 14:00:02 — Iniciando entrenamiento ===

=== ENTRENANDO CLASIFICADOR (dirección) ===

📥 Descargando 40000 velas de ETHUSDT...
✅ Descargadas 4000 velas.
📊 Usando LogisticRegression (C=0.1, solver='lbfgs')
Accuracy en test: 0.7227 (72.3%)
⚠️ Accuracy 72.3% < 85% → modelo NO guardado.
   Se conserva el archivo anterior o se usará fallback.
=== 2026-06-08 14:00:10 — Entrenamiento finalizado ===
=== 2026-06-08 15:00:01 — Iniciando entrenamiento ===

=== ENTRENANDO CLASIFICADOR (dirección) ===

📥 Descargando 40000 velas de ETHUSDT...
✅ Descargadas 8000 velas.
📊 Usando LogisticRegression (C=0.1, solver='lbfgs')
Accuracy en test: 0.6318 (63.2%)
⚠️ Accuracy 63.2% < 85% → modelo NO guardado.
   Se conserva el archivo anterior o se usará fallback.
=== 2026-06-08 15:00:14 — Entrenamiento finalizado ===
=== 2026-06-08 16:00:01 — Iniciando entrenamiento ===

=== ENTRENANDO CLASIFICADOR (dirección) ===

📥 Descargando 40000 velas de ETHUSDT...
✅ Descargadas 1000 velas.
📊 Usando LogisticRegression (C=0.1, solver='lbfgs')
Accuracy en test: 0.7614 (76.1%)
⚠️ Accuracy 76.1% < 85% → modelo NO guardado.
   Se conserva el archivo anterior o se usará fallback.
=== 2026-06-08 16:00:08 — Entrenamiento finalizado ===
=== 2026-06-08 17:00:01 — Iniciando entrenamiento ===

=== ENTRENANDO CLASIFICADOR (dirección) ===

📥 Descargando 40000 velas de ETHUSDT...
❌ No se obtuvieron velas. Verifica conexión a Bybit.
=== 2026-06-08 17:00:07 — Entrenamiento finalizado ===
=== 2026-06-08 18:00:01 — Iniciando entrenamiento ===

=== ENTRENANDO CLASIFICADOR (dirección) ===

📥 Descargando 40000 velas de ETHUSDT...
❌ No se obtuvieron velas. Verifica conexión a Bybit.
=== 2026-06-08 18:00:08 — Entrenamiento finalizado ===
=== 2026-06-08 19:00:01 — Iniciando entrenamiento ===

=== ENTRENANDO CLASIFICADOR (dirección) ===

📥 Descargando 40000 velas de ETHUSDT...
✅ Descargadas 20000 velas.
📊 Usando LogisticRegression (C=0.1, solver='lbfgs')
Accuracy en test: 0.8356 (83.6%)
⚠️ Accuracy 83.6% < 85% → modelo NO guardado.
   Se conserva el archivo anterior o se usará fallback.
=== 2026-06-08 19:00:21 — Entrenamiento finalizado ===
=== 2026-06-08 20:00:01 — Iniciando entrenamiento ===

=== ENTRENANDO CLASIFICADOR (dirección) ===

📥 Descargando 40000 velas de ETHUSDT...
✅ Descargadas 40000 velas.
📊 Usando LogisticRegression (C=0.1, solver='lbfgs')
Accuracy en test: 0.8963 (89.6%)
✅ Clasificador guardado en ml_weights_v2.json (accuracy >= 85%)
=== 2026-06-08 20:00:34 — Entrenamiento finalizado ===
=== 2026-06-08 21:00:01 — Iniciando entrenamiento ===

=== ENTRENANDO CLASIFICADOR (dirección) ===

📥 Descargando 40000 velas de ETHUSDT...
✅ Descargadas 3000 velas.
📊 Usando LogisticRegression (C=0.1, solver='lbfgs')
Accuracy en test: 0.8275 (82.7%)
⚠️ Accuracy 82.7% < 85% → modelo NO guardado.
   Se conserva el archivo anterior o se usará fallback.
=== 2026-06-08 21:00:09 — Entrenamiento finalizado ===
=== 2026-06-08 22:00:01 — Iniciando entrenamiento ===

=== ENTRENANDO CLASIFICADOR (dirección) ===

📥 Descargando 40000 velas de ETHUSDT...
✅ Descargadas 15000 velas.
📊 Usando LogisticRegression (C=0.1, solver='lbfgs')
Accuracy en test: 0.7935 (79.3%)
⚠️ Accuracy 79.3% < 85% → modelo NO guardado.
   Se conserva el archivo anterior o se usará fallback.
=== 2026-06-08 22:00:21 — Entrenamiento finalizado ===
=== 2026-06-08 23:00:01 — Iniciando entrenamiento ===

=== ENTRENANDO CLASIFICADOR (dirección) ===

📥 Descargando 40000 velas de ETHUSDT...
✅ Descargadas 1000 velas.
📊 Usando LogisticRegression (C=0.1, solver='lbfgs')
Accuracy en test: 0.7868 (78.7%)
⚠️ Accuracy 78.7% < 85% → modelo NO guardado.
   Se conserva el archivo anterior o se usará fallback.
=== 2026-06-08 23:00:08 — Entrenamiento finalizado ===
=== 2026-06-09 00:00:01 — Iniciando entrenamiento ===

=== ENTRENANDO CLASIFICADOR (dirección) ===

📥 Descargando 40000 velas de ETHUSDT...
✅ Descargadas 19000 velas.
📊 Usando LogisticRegression (C=0.1, solver='lbfgs')
Accuracy en test: 0.8285 (82.9%)
⚠️ Accuracy 82.9% < 85% → modelo NO guardado.
   Se conserva el archivo anterior o se usará fallback.
=== 2026-06-09 00:00:22 — Entrenamiento finalizado ===
=== 2026-06-09 01:00:01 — Iniciando entrenamiento ===

=== ENTRENANDO CLASIFICADOR (dirección) ===

📥 Descargando 40000 velas de ETHUSDT...
✅ Descargadas 8000 velas.
📊 Usando LogisticRegression (C=0.1, solver='lbfgs')
Accuracy en test: 0.6493 (64.9%)
⚠️ Accuracy 64.9% < 85% → modelo NO guardado.
   Se conserva el archivo anterior o se usará fallback.
=== 2026-06-09 01:00:12 — Entrenamiento finalizado ===
=== 2026-06-09 02:00:01 — Iniciando entrenamiento ===

=== ENTRENANDO CLASIFICADOR (dirección) ===

📥 Descargando 40000 velas de ETHUSDT...
✅ Descargadas 4000 velas.
📊 Usando LogisticRegression (C=0.1, solver='lbfgs')
Accuracy en test: 0.7930 (79.3%)
⚠️ Accuracy 79.3% < 85% → modelo NO guardado.
   Se conserva el archivo anterior o se usará fallback.
=== 2026-06-09 02:00:08 — Entrenamiento finalizado ===
=== 2026-06-09 03:00:01 — Iniciando entrenamiento ===

=== ENTRENANDO CLASIFICADOR (dirección) ===

📥 Descargando 40000 velas de ETHUSDT...
✅ Descargadas 5000 velas.
📊 Usando LogisticRegression (C=0.1, solver='lbfgs')
Accuracy en test: 0.7001 (70.0%)
⚠️ Accuracy 70.0% < 85% → modelo NO guardado.
   Se conserva el archivo anterior o se usará fallback.
=== 2026-06-09 03:00:12 — Entrenamiento finalizado ===
=== 2026-06-09 04:00:01 — Iniciando entrenamiento ===

=== ENTRENANDO CLASIFICADOR (dirección) ===

📥 Descargando 40000 velas de ETHUSDT...
✅ Descargadas 3000 velas.
📊 Usando LogisticRegression (C=0.1, solver='lbfgs')
Accuracy en test: 0.8023 (80.2%)
⚠️ Accuracy 80.2% < 85% → modelo NO guardado.
   Se conserva el archivo anterior o se usará fallback.
=== 2026-06-09 04:00:08 — Entrenamiento finalizado ===
=== 2026-06-09 05:00:01 — Iniciando entrenamiento ===

=== ENTRENANDO CLASIFICADOR (dirección) ===

📥 Descargando 40000 velas de ETHUSDT...
✅ Descargadas 7000 velas.
📊 Usando LogisticRegression (C=0.1, solver='lbfgs')
Accuracy en test: 0.6807 (68.1%)
⚠️ Accuracy 68.1% < 85% → modelo NO guardado.
   Se conserva el archivo anterior o se usará fallback.
=== 2026-06-09 05:00:12 — Entrenamiento finalizado ===
=== 2026-06-09 06:00:01 — Iniciando entrenamiento ===

=== ENTRENANDO CLASIFICADOR (dirección) ===

📥 Descargando 40000 velas de ETHUSDT...
✅ Descargadas 1000 velas.
📊 Usando LogisticRegression (C=0.1, solver='lbfgs')
Accuracy en test: 0.7970 (79.7%)
⚠️ Accuracy 79.7% < 85% → modelo NO guardado.
   Se conserva el archivo anterior o se usará fallback.
=== 2026-06-09 06:00:07 — Entrenamiento finalizado ===
=== 2026-06-09 07:00:02 — Iniciando entrenamiento ===

=== ENTRENANDO CLASIFICADOR (dirección) ===

📥 Descargando 40000 velas de ETHUSDT...
✅ Descargadas 4000 velas.
📊 Usando LogisticRegression (C=0.1, solver='lbfgs')
Accuracy en test: 0.8168 (81.7%)
⚠️ Accuracy 81.7% < 85% → modelo NO guardado.
   Se conserva el archivo anterior o se usará fallback.
=== 2026-06-09 07:00:10 — Entrenamiento finalizado ===
=== 2026-06-09 08:00:01 — Iniciando entrenamiento ===

=== ENTRENANDO CLASIFICADOR (dirección) ===

📥 Descargando 40000 velas de ETHUSDT...
✅ Descargadas 4000 velas.
📊 Usando LogisticRegression (C=0.1, solver='lbfgs')
Accuracy en test: 0.8181 (81.8%)
⚠️ Accuracy 81.8% < 85% → modelo NO guardado.
   Se conserva el archivo anterior o se usará fallback.
=== 2026-06-09 08:00:10 — Entrenamiento finalizado ===
=== 2026-06-09 09:00:01 — Iniciando entrenamiento ===

=== ENTRENANDO CLASIFICADOR (dirección) ===

📥 Descargando 40000 velas de ETHUSDT...
❌ No se obtuvieron velas. Verifica conexión a Bybit.
=== 2026-06-09 09:00:06 — Entrenamiento finalizado ===
=== 2026-06-09 10:00:01 — Iniciando entrenamiento ===

=== ENTRENANDO CLASIFICADOR (dirección) ===

📥 Descargando 40000 velas de ETHUSDT...
✅ Descargadas 12000 velas.
📊 Usando LogisticRegression (C=0.1, solver='lbfgs')
Accuracy en test: 0.7430 (74.3%)
⚠️ Accuracy 74.3% < 85% → modelo NO guardado.
   Se conserva el archivo anterior o se usará fallback.
=== 2026-06-09 10:00:16 — Entrenamiento finalizado ===
=== 2026-06-09 11:00:01 — Iniciando entrenamiento ===

=== ENTRENANDO CLASIFICADOR (dirección) ===

📥 Descargando 40000 velas de ETHUSDT...
✅ Descargadas 40000 velas.
📊 Usando LogisticRegression (C=0.1, solver='lbfgs')
Accuracy en test: 0.8926 (89.3%)
✅ Clasificador guardado en ml_weights_v2.json (accuracy >= 85%)
=== 2026-06-09 11:00:37 — Entrenamiento finalizado ===
=== 2026-06-09 12:00:01 — Iniciando entrenamiento ===

=== ENTRENANDO CLASIFICADOR (dirección) ===

📥 Descargando 40000 velas de ETHUSDT...
✅ Descargadas 2000 velas.
📊 Usando LogisticRegression (C=0.1, solver='lbfgs')
Accuracy en test: 0.8161 (81.6%)
⚠️ Accuracy 81.6% < 85% → modelo NO guardado.
   Se conserva el archivo anterior o se usará fallback.
=== 2026-06-09 12:00:09 — Entrenamiento finalizado ===
=== 2026-06-09 13:00:01 — Iniciando entrenamiento ===

=== ENTRENANDO CLASIFICADOR (dirección) ===

📥 Descargando 40000 velas de ETHUSDT...
✅ Descargadas 4000 velas.
📊 Usando LogisticRegression (C=0.1, solver='lbfgs')
Accuracy en test: 0.8269 (82.7%)
⚠️ Accuracy 82.7% < 85% → modelo NO guardado.
   Se conserva el archivo anterior o se usará fallback.
=== 2026-06-09 13:00:10 — Entrenamiento finalizado ===
=== 2026-06-09 14:00:01 — Iniciando entrenamiento ===

=== ENTRENANDO CLASIFICADOR (dirección) ===

📥 Descargando 40000 velas de ETHUSDT...
✅ Descargadas 1000 velas.
📊 Usando LogisticRegression (C=0.1, solver='lbfgs')
Accuracy en test: 0.8477 (84.8%)
⚠️ Accuracy 84.8% < 85% → modelo NO guardado.
   Se conserva el archivo anterior o se usará fallback.
=== 2026-06-09 14:00:08 — Entrenamiento finalizado ===
=== 2026-06-09 15:00:01 — Iniciando entrenamiento ===

=== ENTRENANDO CLASIFICADOR (dirección) ===

📥 Descargando 40000 velas de ETHUSDT...
✅ Descargadas 9000 velas.
📊 Usando LogisticRegression (C=0.1, solver='lbfgs')
Accuracy en test: 0.6861 (68.6%)
⚠️ Accuracy 68.6% < 85% → modelo NO guardado.
   Se conserva el archivo anterior o se usará fallback.
=== 2026-06-09 15:00:16 — Entrenamiento finalizado ===
=== 2026-06-09 16:00:01 — Iniciando entrenamiento ===

=== ENTRENANDO CLASIFICADOR (dirección) ===

📥 Descargando 40000 velas de ETHUSDT...
✅ Descargadas 4000 velas.
📊 Usando LogisticRegression (C=0.1, solver='lbfgs')
Accuracy en test: 0.8105 (81.1%)
⚠️ Accuracy 81.1% < 85% → modelo NO guardado.
   Se conserva el archivo anterior o se usará fallback.
=== 2026-06-09 16:00:10 — Entrenamiento finalizado ===
=== 2026-06-09 17:00:01 — Iniciando entrenamiento ===

=== ENTRENANDO CLASIFICADOR (dirección) ===

📥 Descargando 40000 velas de ETHUSDT...
✅ Descargadas 9000 velas.
📊 Usando LogisticRegression (C=0.1, solver='lbfgs')
Accuracy en test: 0.6834 (68.3%)
⚠️ Accuracy 68.3% < 85% → modelo NO guardado.
   Se conserva el archivo anterior o se usará fallback.
=== 2026-06-09 17:00:11 — Entrenamiento finalizado ===
=== 2026-06-09 18:00:02 — Iniciando entrenamiento ===

=== ENTRENANDO CLASIFICADOR (dirección) ===

📥 Descargando 40000 velas de ETHUSDT...
❌ No se obtuvieron velas. Verifica conexión a Bybit.
=== 2026-06-09 18:00:07 — Entrenamiento finalizado ===
=== 2026-06-09 19:00:01 — Iniciando entrenamiento ===

=== ENTRENANDO CLASIFICADOR (dirección) ===

📥 Descargando 40000 velas de ETHUSDT...
❌ No se obtuvieron velas. Verifica conexión a Bybit.
=== 2026-06-09 19:00:07 — Entrenamiento finalizado ===
=== 2026-06-09 20:00:02 — Iniciando entrenamiento ===

=== ENTRENANDO CLASIFICADOR (dirección) ===

📥 Descargando 40000 velas de ETHUSDT...
✅ Descargadas 7000 velas.
📊 Usando LogisticRegression (C=0.1, solver='lbfgs')
Accuracy en test: 0.7029 (70.3%)
⚠️ Accuracy 70.3% < 85% → modelo NO guardado.
   Se conserva el archivo anterior o se usará fallback.
=== 2026-06-09 20:00:11 — Entrenamiento finalizado ===
=== 2026-06-09 21:00:01 — Iniciando entrenamiento ===

=== ENTRENANDO CLASIFICADOR (dirección) ===

📥 Descargando 40000 velas de ETHUSDT...
✅ Descargadas 2000 velas.
📊 Usando LogisticRegression (C=0.1, solver='lbfgs')
Accuracy en test: 0.8086 (80.9%)
⚠️ Accuracy 80.9% < 85% → modelo NO guardado.
   Se conserva el archivo anterior o se usará fallback.
=== 2026-06-09 21:00:08 — Entrenamiento finalizado ===
=== 2026-06-09 22:00:02 — Iniciando entrenamiento ===

=== ENTRENANDO CLASIFICADOR (dirección) ===

📥 Descargando 40000 velas de ETHUSDT...
✅ Descargadas 5000 velas.
📊 Usando LogisticRegression (C=0.1, solver='lbfgs')
Accuracy en test: 0.8164 (81.6%)
⚠️ Accuracy 81.6% < 85% → modelo NO guardado.
   Se conserva el archivo anterior o se usará fallback.
=== 2026-06-09 22:00:10 — Entrenamiento finalizado ===
=== 2026-06-09 23:00:01 — Iniciando entrenamiento ===

=== ENTRENANDO CLASIFICADOR (dirección) ===

📥 Descargando 40000 velas de ETHUSDT...
✅ Descargadas 3000 velas.
📊 Usando LogisticRegression (C=0.1, solver='lbfgs')
Accuracy en test: 0.8007 (80.1%)
⚠️ Accuracy 80.1% < 85% → modelo NO guardado.
   Se conserva el archivo anterior o se usará fallback.
=== 2026-06-09 23:00:09 — Entrenamiento finalizado ===
=== 2026-06-10 00:00:02 — Iniciando entrenamiento ===

=== ENTRENANDO CLASIFICADOR (dirección) ===

📥 Descargando 40000 velas de ETHUSDT...
✅ Descargadas 3000 velas.
📊 Usando LogisticRegression (C=0.1, solver='lbfgs')
Accuracy en test: 0.8090 (80.9%)
⚠️ Accuracy 80.9% < 85% → modelo NO guardado.
   Se conserva el archivo anterior o se usará fallback.
=== 2026-06-10 00:00:11 — Entrenamiento finalizado ===
=== 2026-06-10 01:00:01 — Iniciando entrenamiento ===

=== ENTRENANDO CLASIFICADOR (dirección) ===

📥 Descargando 40000 velas de ETHUSDT...
✅ Descargadas 1000 velas.
📊 Usando LogisticRegression (C=0.1, solver='lbfgs')
Accuracy en test: 0.8325 (83.2%)
⚠️ Accuracy 83.2% < 85% → modelo NO guardado.
   Se conserva el archivo anterior o se usará fallback.
=== 2026-06-10 01:00:08 — Entrenamiento finalizado ===
=== 2026-06-10 02:00:01 — Iniciando entrenamiento ===

=== ENTRENANDO CLASIFICADOR (dirección) ===

📥 Descargando 40000 velas de ETHUSDT...
✅ Descargadas 1000 velas.
📊 Usando LogisticRegression (C=0.1, solver='lbfgs')
Accuracy en test: 0.8426 (84.3%)
⚠️ Accuracy 84.3% < 85% → modelo NO guardado.
   Se conserva el archivo anterior o se usará fallback.
=== 2026-06-10 02:00:06 — Entrenamiento finalizado ===
=== 2026-06-10 03:00:01 — Iniciando entrenamiento ===

=== ENTRENANDO CLASIFICADOR (dirección) ===

📥 Descargando 40000 velas de ETHUSDT...
❌ No se obtuvieron velas. Verifica conexión a Bybit.
=== 2026-06-10 03:00:07 — Entrenamiento finalizado ===
=== 2026-06-10 04:00:01 — Iniciando entrenamiento ===

=== ENTRENANDO CLASIFICADOR (dirección) ===

📥 Descargando 40000 velas de ETHUSDT...
✅ Descargadas 5000 velas.
📊 Usando LogisticRegression (C=0.1, solver='lbfgs')
Accuracy en test: 0.8255 (82.5%)
⚠️ Accuracy 82.5% < 85% → modelo NO guardado.
   Se conserva el archivo anterior o se usará fallback.
=== 2026-06-10 04:00:09 — Entrenamiento finalizado ===
=== 2026-06-10 05:00:01 — Iniciando entrenamiento ===

=== ENTRENANDO CLASIFICADOR (dirección) ===

📥 Descargando 40000 velas de ETHUSDT...
✅ Descargadas 6000 velas.
📊 Usando LogisticRegression (C=0.1, solver='lbfgs')
Accuracy en test: 0.7861 (78.6%)
⚠️ Accuracy 78.6% < 85% → modelo NO guardado.
   Se conserva el archivo anterior o se usará fallback.
=== 2026-06-10 05:00:12 — Entrenamiento finalizado ===
=== 2026-06-10 06:00:01 — Iniciando entrenamiento ===

=== ENTRENANDO CLASIFICADOR (dirección) ===

📥 Descargando 40000 velas de ETHUSDT...
❌ No se obtuvieron velas. Verifica conexión a Bybit.
=== 2026-06-10 06:00:07 — Entrenamiento finalizado ===
=== 2026-06-10 07:00:02 — Iniciando entrenamiento ===

=== ENTRENANDO CLASIFICADOR (dirección) ===

📥 Descargando 40000 velas de ETHUSDT...
✅ Descargadas 7000 velas.
📊 Usando LogisticRegression (C=0.1, solver='lbfgs')
Accuracy en test: 0.7273 (72.7%)
⚠️ Accuracy 72.7% < 85% → modelo NO guardado.
   Se conserva el archivo anterior o se usará fallback.
=== 2026-06-10 07:00:13 — Entrenamiento finalizado ===
=== 2026-06-10 08:00:02 — Iniciando entrenamiento ===

=== ENTRENANDO CLASIFICADOR (dirección) ===

📥 Descargando 40000 velas de ETHUSDT...
❌ No se obtuvieron velas. Verifica conexión a Bybit.
=== 2026-06-10 08:00:07 — Entrenamiento finalizado ===
=== 2026-06-10 09:00:02 — Iniciando entrenamiento ===

=== ENTRENANDO CLASIFICADOR (dirección) ===

📥 Descargando 40000 velas de ETHUSDT...
✅ Descargadas 5000 velas.
📊 Usando LogisticRegression (C=0.1, solver='lbfgs')
Accuracy en test: 0.8235 (82.3%)
⚠️ Accuracy 82.3% < 85% → modelo NO guardado.
   Se conserva el archivo anterior o se usará fallback.
=== 2026-06-10 09:00:10 — Entrenamiento finalizado ===
=== 2026-06-10 10:00:02 — Iniciando entrenamiento ===

=== ENTRENANDO CLASIFICADOR (dirección) ===

📥 Descargando 40000 velas de ETHUSDT...
✅ Descargadas 2000 velas.
📊 Usando LogisticRegression (C=0.1, solver='lbfgs')
Accuracy en test: 0.8665 (86.6%)
✅ Clasificador guardado en ml_weights_v2.json (accuracy >= 85%)
=== 2026-06-10 10:00:09 — Entrenamiento finalizado ===
=== 2026-06-10 11:00:01 — Iniciando entrenamiento ===

=== ENTRENANDO CLASIFICADOR (dirección) ===

📥 Descargando 40000 velas de ETHUSDT...
✅ Descargadas 3000 velas.
📊 Usando LogisticRegression (C=0.1, solver='lbfgs')
Accuracy en test: 0.8275 (82.7%)
⚠️ Accuracy 82.7% < 85% → modelo NO guardado.
   Se conserva el archivo anterior o se usará fallback.
=== 2026-06-10 11:00:09 — Entrenamiento finalizado ===
=== 2026-06-10 12:00:01 — Iniciando entrenamiento ===

=== ENTRENANDO CLASIFICADOR (dirección) ===

📥 Descargando 40000 velas de ETHUSDT...
✅ Descargadas 2000 velas.
📊 Usando LogisticRegression (C=0.1, solver='lbfgs')
Accuracy en test: 0.8640 (86.4%)
✅ Clasificador guardado en ml_weights_v2.json (accuracy >= 85%)
=== 2026-06-10 12:00:07 — Entrenamiento finalizado ===
=== 2026-06-10 13:00:01 — Iniciando entrenamiento ===

=== ENTRENANDO CLASIFICADOR (dirección) ===

📥 Descargando 40000 velas de ETHUSDT...
✅ Descargadas 1000 velas.
📊 Usando LogisticRegression (C=0.1, solver='lbfgs')
Accuracy en test: 0.8832 (88.3%)
✅ Clasificador guardado en ml_weights_v2.json (accuracy >= 85%)
=== 2026-06-10 13:00:08 — Entrenamiento finalizado ===
=== 2026-06-10 14:00:02 — Iniciando entrenamiento ===

=== ENTRENANDO CLASIFICADOR (dirección) ===

📥 Descargando 40000 velas de ETHUSDT...
✅ Descargadas 13000 velas.
📊 Usando LogisticRegression (C=0.1, solver='lbfgs')
Accuracy en test: 0.7428 (74.3%)
⚠️ Accuracy 74.3% < 85% → modelo NO guardado.
   Se conserva el archivo anterior o se usará fallback.
=== 2026-06-10 14:00:17 — Entrenamiento finalizado ===
=== 2026-06-10 15:00:02 — Iniciando entrenamiento ===

=== ENTRENANDO CLASIFICADOR (dirección) ===

📥 Descargando 40000 velas de ETHUSDT...
✅ Descargadas 2000 velas.
📊 Usando LogisticRegression (C=0.1, solver='lbfgs')
Accuracy en test: 0.8514 (85.1%)
✅ Clasificador guardado en ml_weights_v2.json (accuracy >= 85%)
=== 2026-06-10 15:00:08 — Entrenamiento finalizado ===
=== 2026-06-10 16:00:01 — Iniciando entrenamiento ===

=== ENTRENANDO CLASIFICADOR (dirección) ===

📥 Descargando 40000 velas de ETHUSDT...
✅ Descargadas 3000 velas.
📊 Usando LogisticRegression (C=0.1, solver='lbfgs')
Accuracy en test: 0.8275 (82.7%)
⚠️ Accuracy 82.7% < 85% → modelo NO guardado.
   Se conserva el archivo anterior o se usará fallback.
=== 2026-06-10 16:00:09 — Entrenamiento finalizado ===
=== 2026-06-10 17:00:01 — Iniciando entrenamiento ===

=== ENTRENANDO CLASIFICADOR (dirección) ===

📥 Descargando 40000 velas de ETHUSDT...
✅ Descargadas 1000 velas.
📊 Usando LogisticRegression (C=0.1, solver='lbfgs')
Accuracy en test: 0.8274 (82.7%)
⚠️ Accuracy 82.7% < 85% → modelo NO guardado.
   Se conserva el archivo anterior o se usará fallback.
=== 2026-06-10 17:00:07 — Entrenamiento finalizado ===
=== 2026-06-10 18:00:02 — Iniciando entrenamiento ===

=== ENTRENANDO CLASIFICADOR (dirección) ===

📥 Descargando 40000 velas de ETHUSDT...
✅ Descargadas 4000 velas.
📊 Usando LogisticRegression (C=0.1, solver='lbfgs')
Accuracy en test: 0.8068 (80.7%)
⚠️ Accuracy 80.7% < 85% → modelo NO guardado.
   Se conserva el archivo anterior o se usará fallback.
=== 2026-06-10 18:00:12 — Entrenamiento finalizado ===
=== 2026-06-10 19:00:01 — Iniciando entrenamiento ===

=== ENTRENANDO CLASIFICADOR (dirección) ===

📥 Descargando 40000 velas de ETHUSDT...
❌ No se obtuvieron velas. Verifica conexión a Bybit.
=== 2026-06-10 19:00:07 — Entrenamiento finalizado ===
=== 2026-06-10 20:00:01 — Iniciando entrenamiento ===

=== ENTRENANDO CLASIFICADOR (dirección) ===

📥 Descargando 40000 velas de ETHUSDT...
❌ No se obtuvieron velas. Verifica conexión a Bybit.
=== 2026-06-10 20:00:06 — Entrenamiento finalizado ===
=== 2026-06-10 21:00:01 — Iniciando entrenamiento ===

=== ENTRENANDO CLASIFICADOR (dirección) ===

📥 Descargando 40000 velas de ETHUSDT...
❌ No se obtuvieron velas. Verifica conexión a Bybit.
=== 2026-06-10 21:00:09 — Entrenamiento finalizado ===
=== 2026-06-10 22:00:01 — Iniciando entrenamiento ===

=== ENTRENANDO CLASIFICADOR (dirección) ===

📥 Descargando 40000 velas de ETHUSDT...
✅ Descargadas 1000 velas.
📊 Usando LogisticRegression (C=0.1, solver='lbfgs')
Accuracy en test: 0.7868 (78.7%)
⚠️ Accuracy 78.7% < 85% → modelo NO guardado.
   Se conserva el archivo anterior o se usará fallback.
=== 2026-06-10 22:00:09 — Entrenamiento finalizado ===
=== 2026-06-10 23:00:02 — Iniciando entrenamiento ===

=== ENTRENANDO CLASIFICADOR (dirección) ===

📥 Descargando 40000 velas de ETHUSDT...
❌ No se obtuvieron velas. Verifica conexión a Bybit.
=== 2026-06-10 23:00:08 — Entrenamiento finalizado ===
=== 2026-06-11 00:00:02 — Iniciando entrenamiento ===

=== ENTRENANDO CLASIFICADOR (dirección) ===

📥 Descargando 40000 velas de ETHUSDT...
✅ Descargadas 3000 velas.
📊 Usando LogisticRegression (C=0.1, solver='lbfgs')
Accuracy en test: 0.8275 (82.7%)
⚠️ Accuracy 82.7% < 85% → modelo NO guardado.
   Se conserva el archivo anterior o se usará fallback.
=== 2026-06-11 00:00:10 — Entrenamiento finalizado ===
=== 2026-06-11 01:00:01 — Iniciando entrenamiento ===

=== ENTRENANDO CLASIFICADOR (dirección) ===

📥 Descargando 40000 velas de ETHUSDT...
✅ Descargadas 1000 velas.
📊 Usando LogisticRegression (C=0.1, solver='lbfgs')
Accuracy en test: 0.7817 (78.2%)
⚠️ Accuracy 78.2% < 85% → modelo NO guardado.
   Se conserva el archivo anterior o se usará fallback.
=== 2026-06-11 01:00:08 — Entrenamiento finalizado ===
=== 2026-06-11 02:00:01 — Iniciando entrenamiento ===

=== ENTRENANDO CLASIFICADOR (dirección) ===

📥 Descargando 40000 velas de ETHUSDT...
✅ Descargadas 40000 velas.
📊 Usando LogisticRegression (C=0.1, solver='lbfgs')
Accuracy en test: 0.8835 (88.3%)
✅ Clasificador guardado en ml_weights_v2.json (accuracy >= 85%)
=== 2026-06-11 02:00:39 — Entrenamiento finalizado ===
=== 2026-06-11 03:00:01 — Iniciando entrenamiento ===

=== ENTRENANDO CLASIFICADOR (dirección) ===

📥 Descargando 40000 velas de ETHUSDT...
✅ Descargadas 1000 velas.
📊 Usando LogisticRegression (C=0.1, solver='lbfgs')
Accuracy en test: 0.7716 (77.2%)
⚠️ Accuracy 77.2% < 85% → modelo NO guardado.
   Se conserva el archivo anterior o se usará fallback.
=== 2026-06-11 03:00:08 — Entrenamiento finalizado ===
=== 2026-06-11 04:00:01 — Iniciando entrenamiento ===

=== ENTRENANDO CLASIFICADOR (dirección) ===

📥 Descargando 40000 velas de ETHUSDT...
✅ Descargadas 1000 velas.
📊 Usando LogisticRegression (C=0.1, solver='lbfgs')
Accuracy en test: 0.7766 (77.7%)
⚠️ Accuracy 77.7% < 85% → modelo NO guardado.
   Se conserva el archivo anterior o se usará fallback.
=== 2026-06-11 04:00:08 — Entrenamiento finalizado ===
=== 2026-06-11 05:00:01 — Iniciando entrenamiento ===

=== ENTRENANDO CLASIFICADOR (dirección) ===

📥 Descargando 40000 velas de ETHUSDT...
✅ Descargadas 2000 velas.
📊 Usando LogisticRegression (C=0.1, solver='lbfgs')
Accuracy en test: 0.8388 (83.9%)
⚠️ Accuracy 83.9% < 85% → modelo NO guardado.
   Se conserva el archivo anterior o se usará fallback.
=== 2026-06-11 05:00:08 — Entrenamiento finalizado ===
=== 2026-06-11 06:00:01 — Iniciando entrenamiento ===

=== ENTRENANDO CLASIFICADOR (dirección) ===

📥 Descargando 40000 velas de ETHUSDT...
✅ Descargadas 1000 velas.
📊 Usando LogisticRegression (C=0.1, solver='lbfgs')
Accuracy en test: 0.8122 (81.2%)
⚠️ Accuracy 81.2% < 85% → modelo NO guardado.
   Se conserva el archivo anterior o se usará fallback.
=== 2026-06-11 06:00:08 — Entrenamiento finalizado ===
=== 2026-06-11 07:00:01 — Iniciando entrenamiento ===

=== ENTRENANDO CLASIFICADOR (dirección) ===

📥 Descargando 40000 velas de ETHUSDT...
✅ Descargadas 13000 velas.
📊 Usando LogisticRegression (C=0.1, solver='lbfgs')
Accuracy en test: 0.7355 (73.5%)
⚠️ Accuracy 73.5% < 85% → modelo NO guardado.
   Se conserva el archivo anterior o se usará fallback.
=== 2026-06-11 07:00:18 — Entrenamiento finalizado ===
=== 2026-06-11 08:00:01 — Iniciando entrenamiento ===

=== ENTRENANDO CLASIFICADOR (dirección) ===

📥 Descargando 40000 velas de ETHUSDT...
✅ Descargadas 2000 velas.
📊 Usando LogisticRegression (C=0.1, solver='lbfgs')
Accuracy en test: 0.8312 (83.1%)
⚠️ Accuracy 83.1% < 85% → modelo NO guardado.
   Se conserva el archivo anterior o se usará fallback.
=== 2026-06-11 08:00:09 — Entrenamiento finalizado ===
=== 2026-06-11 09:00:01 — Iniciando entrenamiento ===

=== ENTRENANDO CLASIFICADOR (dirección) ===

📥 Descargando 40000 velas de ETHUSDT...
✅ Descargadas 4000 velas.
📊 Usando LogisticRegression (C=0.1, solver='lbfgs')
Accuracy en test: 0.8281 (82.8%)
⚠️ Accuracy 82.8% < 85% → modelo NO guardado.
   Se conserva el archivo anterior o se usará fallback.
=== 2026-06-11 09:00:10 — Entrenamiento finalizado ===
=== 2026-06-11 10:00:01 — Iniciando entrenamiento ===

=== ENTRENANDO CLASIFICADOR (dirección) ===

📥 Descargando 40000 velas de ETHUSDT...
✅ Descargadas 1000 velas.
📊 Usando LogisticRegression (C=0.1, solver='lbfgs')
Accuracy en test: 0.8731 (87.3%)
✅ Clasificador guardado en ml_weights_v2.json (accuracy >= 85%)
=== 2026-06-11 10:00:08 — Entrenamiento finalizado ===
=== 2026-06-11 11:00:01 — Iniciando entrenamiento ===

=== ENTRENANDO CLASIFICADOR (dirección) ===

📥 Descargando 40000 velas de ETHUSDT...
✅ Descargadas 4000 velas.
📊 Usando LogisticRegression (C=0.1, solver='lbfgs')
Accuracy en test: 0.8394 (83.9%)
⚠️ Accuracy 83.9% < 85% → modelo NO guardado.
   Se conserva el archivo anterior o se usará fallback.
=== 2026-06-11 11:00:10 — Entrenamiento finalizado ===
=== 2026-06-11 12:00:01 — Iniciando entrenamiento ===

=== ENTRENANDO CLASIFICADOR (dirección) ===

📥 Descargando 40000 velas de ETHUSDT...
✅ Descargadas 3000 velas.
📊 Usando LogisticRegression (C=0.1, solver='lbfgs')
Accuracy en test: 0.8425 (84.3%)
⚠️ Accuracy 84.3% < 85% → modelo NO guardado.
   Se conserva el archivo anterior o se usará fallback.
=== 2026-06-11 12:00:09 — Entrenamiento finalizado ===
=== 2026-06-11 13:00:01 — Iniciando entrenamiento ===

=== ENTRENANDO CLASIFICADOR (dirección) ===

📥 Descargando 40000 velas de ETHUSDT...
✅ Descargadas 1000 velas.
📊 Usando LogisticRegression (C=0.1, solver='lbfgs')
Accuracy en test: 0.8629 (86.3%)
✅ Clasificador guardado en ml_weights_v2.json (accuracy >= 85%)
=== 2026-06-11 13:00:07 — Entrenamiento finalizado ===
=== 2026-06-11 14:00:01 — Iniciando entrenamiento ===

=== ENTRENANDO CLASIFICADOR (dirección) ===

📥 Descargando 40000 velas de ETHUSDT...
✅ Descargadas 12000 velas.
📊 Usando LogisticRegression (C=0.1, solver='lbfgs')
Accuracy en test: 0.7322 (73.2%)
⚠️ Accuracy 73.2% < 85% → modelo NO guardado.
   Se conserva el archivo anterior o se usará fallback.
=== 2026-06-11 14:00:15 — Entrenamiento finalizado ===
=== 2026-06-11 15:00:01 — Iniciando entrenamiento ===

=== ENTRENANDO CLASIFICADOR (dirección) ===

📥 Descargando 40000 velas de ETHUSDT...
✅ Descargadas 4000 velas.
📊 Usando LogisticRegression (C=0.1, solver='lbfgs')
Accuracy en test: 0.8331 (83.3%)
⚠️ Accuracy 83.3% < 85% → modelo NO guardado.
   Se conserva el archivo anterior o se usará fallback.
=== 2026-06-11 15:00:09 — Entrenamiento finalizado ===
=== 2026-06-11 16:00:01 — Iniciando entrenamiento ===

=== ENTRENANDO CLASIFICADOR (dirección) ===

📥 Descargando 40000 velas de ETHUSDT...
✅ Descargadas 6000 velas.
📊 Usando LogisticRegression (C=0.1, solver='lbfgs')
Accuracy en test: 0.8229 (82.3%)
⚠️ Accuracy 82.3% < 85% → modelo NO guardado.
   Se conserva el archivo anterior o se usará fallback.
=== 2026-06-11 16:00:11 — Entrenamiento finalizado ===
=== 2026-06-11 17:00:01 — Iniciando entrenamiento ===

=== ENTRENANDO CLASIFICADOR (dirección) ===

📥 Descargando 40000 velas de ETHUSDT...
✅ Descargadas 8000 velas.
📊 Usando LogisticRegression (C=0.1, solver='lbfgs')
Accuracy en test: 0.8040 (80.4%)
⚠️ Accuracy 80.4% < 85% → modelo NO guardado.
   Se conserva el archivo anterior o se usará fallback.
=== 2026-06-11 17:00:13 — Entrenamiento finalizado ===
=== 2026-06-11 18:00:01 — Iniciando entrenamiento ===

=== ENTRENANDO CLASIFICADOR (dirección) ===

📥 Descargando 40000 velas de ETHUSDT...
✅ Descargadas 3000 velas.
📊 Usando LogisticRegression (C=0.1, solver='lbfgs')
Accuracy en test: 0.8476 (84.8%)
⚠️ Accuracy 84.8% < 85% → modelo NO guardado.
   Se conserva el archivo anterior o se usará fallback.
=== 2026-06-11 18:00:08 — Entrenamiento finalizado ===
=== 2026-06-11 19:00:01 — Iniciando entrenamiento ===

=== ENTRENANDO CLASIFICADOR (dirección) ===

📥 Descargando 40000 velas de ETHUSDT...
❌ No se obtuvieron velas. Verifica conexión a Bybit.
=== 2026-06-11 19:00:06 — Entrenamiento finalizado ===
=== 2026-06-11 20:00:01 — Iniciando entrenamiento ===

=== ENTRENANDO CLASIFICADOR (dirección) ===

📥 Descargando 40000 velas de ETHUSDT...
✅ Descargadas 2000 velas.
📊 Usando LogisticRegression (C=0.1, solver='lbfgs')
Accuracy en test: 0.8338 (83.4%)
⚠️ Accuracy 83.4% < 85% → modelo NO guardado.
   Se conserva el archivo anterior o se usará fallback.
=== 2026-06-11 20:00:07 — Entrenamiento finalizado ===
=== 2026-06-11 21:00:01 — Iniciando entrenamiento ===

=== ENTRENANDO CLASIFICADOR (dirección) ===

📥 Descargando 40000 velas de ETHUSDT...
✅ Descargadas 7000 velas.
📊 Usando LogisticRegression (C=0.1, solver='lbfgs')
Accuracy en test: 0.8189 (81.9%)
⚠️ Accuracy 81.9% < 85% → modelo NO guardado.
   Se conserva el archivo anterior o se usará fallback.
=== 2026-06-11 21:00:12 — Entrenamiento finalizado ===
=== 2026-06-11 22:00:01 — Iniciando entrenamiento ===

=== ENTRENANDO CLASIFICADOR (dirección) ===

📥 Descargando 40000 velas de ETHUSDT...
✅ Descargadas 7000 velas.
📊 Usando LogisticRegression (C=0.1, solver='lbfgs')
Accuracy en test: 0.8225 (82.2%)
⚠️ Accuracy 82.2% < 85% → modelo NO guardado.
   Se conserva el archivo anterior o se usará fallback.
=== 2026-06-11 22:00:13 — Entrenamiento finalizado ===
=== 2026-06-11 23:00:01 — Iniciando entrenamiento ===

=== ENTRENANDO CLASIFICADOR (dirección) ===

📥 Descargando 40000 velas de ETHUSDT...
❌ No se obtuvieron velas. Verifica conexión a Bybit.
=== 2026-06-11 23:00:05 — Entrenamiento finalizado ===
=== 2026-06-12 00:00:01 — Iniciando entrenamiento ===

=== ENTRENANDO CLASIFICADOR (dirección) ===

📥 Descargando 40000 velas de ETHUSDT...
❌ No se obtuvieron velas. Verifica conexión a Bybit.
=== 2026-06-12 00:00:06 — Entrenamiento finalizado ===
=== 2026-06-12 01:00:01 — Iniciando entrenamiento ===

=== ENTRENANDO CLASIFICADOR (dirección) ===

📥 Descargando 40000 velas de ETHUSDT...
✅ Descargadas 10000 velas.
📊 Usando LogisticRegression (C=0.1, solver='lbfgs')
Accuracy en test: 0.7536 (75.4%)
⚠️ Accuracy 75.4% < 85% → modelo NO guardado.
   Se conserva el archivo anterior o se usará fallback.
=== 2026-06-12 01:00:13 — Entrenamiento finalizado ===
=== 2026-06-12 02:00:01 — Iniciando entrenamiento ===

=== ENTRENANDO CLASIFICADOR (dirección) ===

📥 Descargando 40000 velas de ETHUSDT...
✅ Descargadas 1000 velas.
📊 Usando LogisticRegression (C=0.1, solver='lbfgs')
Accuracy en test: 0.8985 (89.8%)
✅ Clasificador guardado en ml_weights_v2.json (accuracy >= 85%)
=== 2026-06-12 02:00:06 — Entrenamiento finalizado ===
=== 2026-06-12 03:00:02 — Iniciando entrenamiento ===

=== ENTRENANDO CLASIFICADOR (dirección) ===

📥 Descargando 40000 velas de ETHUSDT...
✅ Descargadas 2000 velas.
📊 Usando LogisticRegression (C=0.1, solver='lbfgs')
Accuracy en test: 0.8841 (88.4%)
✅ Clasificador guardado en ml_weights_v2.json (accuracy >= 85%)
=== 2026-06-12 03:00:09 — Entrenamiento finalizado ===
=== 2026-06-12 04:00:02 — Iniciando entrenamiento ===

=== ENTRENANDO CLASIFICADOR (dirección) ===

📥 Descargando 40000 velas de ETHUSDT...
✅ Descargadas 26000 velas.
📊 Usando LogisticRegression (C=0.1, solver='lbfgs')
Accuracy en test: 0.8439 (84.4%)
⚠️ Accuracy 84.4% < 85% → modelo NO guardado.
   Se conserva el archivo anterior o se usará fallback.
=== 2026-06-12 04:00:31 — Entrenamiento finalizado ===
=== 2026-06-12 05:00:01 — Iniciando entrenamiento ===

=== ENTRENANDO CLASIFICADOR (dirección) ===

📥 Descargando 40000 velas de ETHUSDT...
❌ No se obtuvieron velas. Verifica conexión a Bybit.
=== 2026-06-12 05:00:07 — Entrenamiento finalizado ===
=== 2026-06-12 06:00:01 — Iniciando entrenamiento ===

=== ENTRENANDO CLASIFICADOR (dirección) ===

📥 Descargando 40000 velas de ETHUSDT...
✅ Descargadas 6000 velas.
📊 Usando LogisticRegression (C=0.1, solver='lbfgs')
Accuracy en test: 0.8404 (84.0%)
⚠️ Accuracy 84.0% < 85% → modelo NO guardado.
   Se conserva el archivo anterior o se usará fallback.
=== 2026-06-12 06:00:13 — Entrenamiento finalizado ===
=== 2026-06-12 07:00:02 — Iniciando entrenamiento ===

=== ENTRENANDO CLASIFICADOR (dirección) ===

📥 Descargando 40000 velas de ETHUSDT...
✅ Descargadas 40000 velas.
📊 Usando LogisticRegression (C=0.1, solver='lbfgs')
Accuracy en test: 0.8823 (88.2%)
✅ Clasificador guardado en ml_weights_v2.json (accuracy >= 85%)
=== 2026-06-12 07:00:40 — Entrenamiento finalizado ===
=== 2026-06-12 08:00:01 — Iniciando entrenamiento ===

=== ENTRENANDO CLASIFICADOR (dirección) ===

📥 Descargando 40000 velas de ETHUSDT...
❌ No se obtuvieron velas. Verifica conexión a Bybit.
=== 2026-06-12 08:00:07 — Entrenamiento finalizado ===
=== 2026-06-12 09:00:01 — Iniciando entrenamiento ===

=== ENTRENANDO CLASIFICADOR (dirección) ===

📥 Descargando 40000 velas de ETHUSDT...
✅ Descargadas 4000 velas.
📊 Usando LogisticRegression (C=0.1, solver='lbfgs')
Accuracy en test: 0.8620 (86.2%)
✅ Clasificador guardado en ml_weights_v2.json (accuracy >= 85%)
=== 2026-06-12 09:00:09 — Entrenamiento finalizado ===
=== 2026-06-12 10:00:01 — Iniciando entrenamiento ===

=== ENTRENANDO CLASIFICADOR (dirección) ===

📥 Descargando 40000 velas de ETHUSDT...
✅ Descargadas 6000 velas.
📊 Usando LogisticRegression (C=0.1, solver='lbfgs')
Accuracy en test: 0.8454 (84.5%)
⚠️ Accuracy 84.5% < 85% → modelo NO guardado.
   Se conserva el archivo anterior o se usará fallback.
=== 2026-06-12 10:00:13 — Entrenamiento finalizado ===
=== 2026-06-12 11:00:01 — Iniciando entrenamiento ===

=== ENTRENANDO CLASIFICADOR (dirección) ===

📥 Descargando 40000 velas de ETHUSDT...
✅ Descargadas 1000 velas.
📊 Usando LogisticRegression (C=0.1, solver='lbfgs')
Accuracy en test: 0.9391 (93.9%)
✅ Clasificador guardado en ml_weights_v2.json (accuracy >= 85%)
=== 2026-06-12 11:00:07 — Entrenamiento finalizado ===
=== 2026-06-12 12:00:01 — Iniciando entrenamiento ===

=== ENTRENANDO CLASIFICADOR (dirección) ===

📥 Descargando 40000 velas de ETHUSDT...
✅ Descargadas 40000 velas.
📊 Usando LogisticRegression (C=0.1, solver='lbfgs')
Accuracy en test: 0.8830 (88.3%)
✅ Clasificador guardado en ml_weights_v2.json (accuracy >= 85%)
=== 2026-06-12 12:00:36 — Entrenamiento finalizado ===
=== 2026-06-12 13:00:01 — Iniciando entrenamiento ===

=== ENTRENANDO CLASIFICADOR (dirección) ===

📥 Descargando 40000 velas de ETHUSDT...
✅ Descargadas 7000 velas.
📊 Usando LogisticRegression (C=0.1, solver='lbfgs')
Accuracy en test: 0.8382 (83.8%)
⚠️ Accuracy 83.8% < 85% → modelo NO guardado.
   Se conserva el archivo anterior o se usará fallback.
=== 2026-06-12 13:00:14 — Entrenamiento finalizado ===
=== 2026-06-12 14:00:01 — Iniciando entrenamiento ===

=== ENTRENANDO CLASIFICADOR (dirección) ===

📥 Descargando 40000 velas de ETHUSDT...
❌ No se obtuvieron velas. Verifica conexión a Bybit.
=== 2026-06-12 14:00:07 — Entrenamiento finalizado ===
=== 2026-06-12 15:00:01 — Iniciando entrenamiento ===

=== ENTRENANDO CLASIFICADOR (dirección) ===

📥 Descargando 40000 velas de ETHUSDT...
✅ Descargadas 3000 velas.
📊 Usando LogisticRegression (C=0.1, solver='lbfgs')
Accuracy en test: 0.8677 (86.8%)
✅ Clasificador guardado en ml_weights_v2.json (accuracy >= 85%)
=== 2026-06-12 15:00:09 — Entrenamiento finalizado ===
=== 2026-06-12 16:00:01 — Iniciando entrenamiento ===

=== ENTRENANDO CLASIFICADOR (dirección) ===

📥 Descargando 40000 velas de ETHUSDT...
✅ Descargadas 3000 velas.
📊 Usando LogisticRegression (C=0.1, solver='lbfgs')
Accuracy en test: 0.8643 (86.4%)
✅ Clasificador guardado en ml_weights_v2.json (accuracy >= 85%)
=== 2026-06-12 16:00:10 — Entrenamiento finalizado ===
=== 2026-06-12 17:00:01 — Iniciando entrenamiento ===

=== ENTRENANDO CLASIFICADOR (dirección) ===

📥 Descargando 40000 velas de ETHUSDT...
✅ Descargadas 3000 velas.
📊 Usando LogisticRegression (C=0.1, solver='lbfgs')
Accuracy en test: 0.8693 (86.9%)
✅ Clasificador guardado en ml_weights_v2.json (accuracy >= 85%)
=== 2026-06-12 17:00:08 — Entrenamiento finalizado ===
=== 2026-06-12 18:00:01 — Iniciando entrenamiento ===

=== ENTRENANDO CLASIFICADOR (dirección) ===

📥 Descargando 40000 velas de ETHUSDT...
✅ Descargadas 1000 velas.
📊 Usando LogisticRegression (C=0.1, solver='lbfgs')
Accuracy en test: 0.8934 (89.3%)
✅ Clasificador guardado en ml_weights_v2.json (accuracy >= 85%)
=== 2026-06-12 18:00:06 — Entrenamiento finalizado ===
=== 2026-06-12 19:00:01 — Iniciando entrenamiento ===

=== ENTRENANDO CLASIFICADOR (dirección) ===

📥 Descargando 40000 velas de ETHUSDT...
✅ Descargadas 7000 velas.
📊 Usando LogisticRegression (C=0.1, solver='lbfgs')
Accuracy en test: 0.8397 (84.0%)
⚠️ Accuracy 84.0% < 85% → modelo NO guardado.
   Se conserva el archivo anterior o se usará fallback.
=== 2026-06-12 19:00:13 — Entrenamiento finalizado ===
=== 2026-06-12 20:00:01 — Iniciando entrenamiento ===

=== ENTRENANDO CLASIFICADOR (dirección) ===

📥 Descargando 40000 velas de ETHUSDT...
✅ Descargadas 6000 velas.
📊 Usando LogisticRegression (C=0.1, solver='lbfgs')
Accuracy en test: 0.8563 (85.6%)
✅ Clasificador guardado en ml_weights_v2.json (accuracy >= 85%)
=== 2026-06-12 20:00:12 — Entrenamiento finalizado ===
=== 2026-06-12 21:00:01 — Iniciando entrenamiento ===

=== ENTRENANDO CLASIFICADOR (dirección) ===

📥 Descargando 40000 velas de ETHUSDT...
❌ No se obtuvieron velas. Verifica conexión a Bybit.
=== 2026-06-12 21:00:06 — Entrenamiento finalizado ===
